app/build/intermediates/manifest_merge_blame_file/debug/manifest-merger-blame-debug-report.txt
1<?xml version="1.0" encoding="utf-8"?>
2<manifest xmlns:android="http://schemas.android.com/apk/res/android"
3    package="com.example.control"
4    android:versionCode="1"
5    android:versionName="1.0" >
6
7    <uses-sdk
8        android:minSdkVersion="21"
8-->src\main\AndroidManifest.xml
9        android:targetSdkVersion="30" />
9-->src\main\AndroidManifest.xml
10
11    <uses-permission android:name="android.permission.INTERNET" />
11-->src\main\AndroidManifest.xml:5:5-67
11-->src\main\AndroidManifest.xml:5:22-64
12    <uses-permission android:name="android.permission.ACCESS_NETWORK_STATE" />
12-->src\main\AndroidManifest.xml:6:5-79
12-->src\main\AndroidManifest.xml:6:22-76
13    <uses-permission android:name="android.permission.FOREGROUND_SERVICE" />
13-->src\main\AndroidManifest.xml:7:5-77
13-->src\main\AndroidManifest.xml:7:22-74
14    <uses-permission android:name="android.permission.RECEIVE_BOOT_COMPLETED" />
14-->src\main\AndroidManifest.xml:8:5-81
14-->src\main\AndroidManifest.xml:8:22-78
15
16    <application
16-->src\main\AndroidManifest.xml:10:5-47:19
17        android:allowBackup="true"
17-->src\main\AndroidManifest.xml:11:9-35
18        android:appComponentFactory="androidx.core.app.CoreComponentFactory"
18-->[androidx.core:core:1.3.1] AndroidManifest.xml:24:18-86
19        android:debuggable="true"
20        android:icon="@mipmap/ic_launcher"
20-->src\main\AndroidManifest.xml:12:9-43
21        android:label="@string/app_name"
21-->src\main\AndroidManifest.xml:13:9-41
22        android:roundIcon="@mipmap/ic_launcher_round"
22-->src\main\AndroidManifest.xml:14:9-54
23        android:supportsRtl="true"
23-->src\main\AndroidManifest.xml:15:9-35
24        android:theme="@style/Theme.Control" >
24-->src\main\AndroidManifest.xml:16:9-45
25        <receiver android:name="com.example.control.BootWidget" >
25-->src\main\AndroidManifest.xml:18:9-27:20
25-->src\main\AndroidManifest.xml:18:19-45
26            <intent-filter>
26-->src\main\AndroidManifest.xml:19:13-22:29
27                <action android:name="android.appwidget.action.APPWIDGET_UPDATE" />
27-->src\main\AndroidManifest.xml:20:17-84
27-->src\main\AndroidManifest.xml:20:25-81
28            </intent-filter>
29
30            <meta-data
30-->src\main\AndroidManifest.xml:24:13-26:60
31                android:name="android.appwidget.provider"
31-->src\main\AndroidManifest.xml:25:17-58
32                android:resource="@xml/boot_widget_info" />
32-->src\main\AndroidManifest.xml:26:17-57
33        </receiver>
34
35        <activity
35-->src\main\AndroidManifest.xml:29:9-38:20
36            android:name="com.example.control.MainActivity"
36-->src\main\AndroidManifest.xml:30:13-41
37            android:label="@string/app_name"
37-->src\main\AndroidManifest.xml:31:13-45
38            android:theme="@style/Theme.Control.NoActionBar" >
38-->src\main\AndroidManifest.xml:32:13-61
39            <intent-filter>
39-->src\main\AndroidManifest.xml:33:13-37:29
40                <action android:name="android.intent.action.MAIN" />
40-->src\main\AndroidManifest.xml:34:17-69
40-->src\main\AndroidManifest.xml:34:25-66
41
42                <category android:name="android.intent.category.LAUNCHER" />
42-->src\main\AndroidManifest.xml:36:17-77
42-->src\main\AndroidManifest.xml:36:27-74
43            </intent-filter>
44        </activity>
45
46        <service
46-->src\main\AndroidManifest.xml:39:9-46:19
47            android:name="com.example.control.BootWidgetService"
47-->src\main\AndroidManifest.xml:39:18-51
48            android:enabled="true" >
48-->src\main\AndroidManifest.xml:40:9-31
49            <intent-filter>
49-->src\main\AndroidManifest.xml:19:13-22:29
50                <action android:name="android.appwidget.action.APPWIDGET_UPDATE" />
50-->src\main\AndroidManifest.xml:20:17-84
50-->src\main\AndroidManifest.xml:20:25-81
51            </intent-filter>
52        </service>
53    </application>
54
55</manifest>